<?xml version="1.0" encoding="UTF-8"?>
<!-- Generated by org.testng.reporters.JUnitReportReporter -->
<testsuite hostname="WLG162TX" failures="0" tests="1" name="tests.test_search" time="0.000" errors="0" timestamp="29 Jan 2019 18:29:52 GMT" skipped="1">
  <testcase classname="tests.test_search" name="firstPage" time="0.000">
    <skipped/>
  </testcase> <!-- firstPage -->
</testsuite> <!-- tests.test_search -->
