<?xml version="1.0" encoding="UTF-8"?>
<!-- Generated by org.testng.reporters.JUnitReportReporter -->
<testsuite hostname="WLG162TX" failures="0" tests="1" name="tests.test_basic" time="4.445" errors="0" timestamp="30 Jan 2019 06:09:12 GMT" skipped="0">
  <testcase classname="tests.test_basic" name="firstPage" time="4.445"/>
</testsuite> <!-- tests.test_basic -->
