<?xml version="1.0" encoding="UTF-8"?>
<!-- Generated by org.testng.reporters.JUnitReportReporter -->
<testsuite hostname="WLG162TX" failures="0" tests="2" name="tests.Test_search_selenium" time="4.420" errors="0" timestamp="01 Feb 2019 06:28:46 GMT" skipped="0">
  <testcase classname="tests.Test_search_selenium" name="firstPageSelenium" time="0.138"/>
  <testcase classname="tests.Test_search_selenium" name="validatePageSelenium" time="4.282"/>
</testsuite> <!-- tests.Test_search_selenium -->
