<?xml version="1.0" encoding="UTF-8"?>
<!-- Generated by org.testng.reporters.JUnitReportReporter -->
<testsuite hostname="WLG162TX" failures="0" tests="2" name="tests.Test_search_java" time="4.378" errors="0" timestamp="01 Feb 2019 06:28:46 GMT" skipped="0">
  <testcase classname="tests.Test_search_java" name="firstPageJava" time="2.149"/>
  <testcase classname="tests.Test_search_java" name="validatePageJava" time="2.229"/>
</testsuite> <!-- tests.Test_search_java -->
